0 info it worked if it ends with ok
1 verbose cli [ '/usr/local/bin/node',
1 verbose cli   '/usr/local/bin/npm',
1 verbose cli   'install',
1 verbose cli   'flightplan.js',
1 verbose cli   '--save-dev' ]
2 info using npm@2.14.3
3 info using node@v4.1.0
4 verbose install initial load of /Users/christophekindt/Documents/School/Android/AppDiscussies/package.json
5 warn package.json backenddiscussies@1.0.0 No repository field.
6 warn package.json backenddiscussies@1.0.0 No README data
7 verbose installManyTop reading scoped package data from /Users/christophekindt/Documents/School/Android/AppDiscussies/node_modules/body-parser/package.json
8 verbose installManyTop reading scoped package data from /Users/christophekindt/Documents/School/Android/AppDiscussies/node_modules/crypto/package.json
9 verbose installManyTop reading scoped package data from /Users/christophekindt/Documents/School/Android/AppDiscussies/node_modules/express/package.json
10 verbose installManyTop reading scoped package data from /Users/christophekindt/Documents/School/Android/AppDiscussies/node_modules/flightplan/package.json
11 verbose installManyTop reading scoped package data from /Users/christophekindt/Documents/School/Android/AppDiscussies/node_modules/fly/package.json
12 verbose installManyTop reading scoped package data from /Users/christophekindt/Documents/School/Android/AppDiscussies/node_modules/mongoose/package.json
13 verbose installManyTop reading scoped package data from /Users/christophekindt/Documents/School/Android/AppDiscussies/node_modules/nodemon/package.json
14 info package.json crypto@0.0.3 crypto is also the name of a node core module.
15 info package.json crypto@0.0.3 No license field.
16 verbose readDependencies loading dependencies from /Users/christophekindt/Documents/School/Android/AppDiscussies/package.json
17 silly cache add args [ 'flightplan.js', null ]
18 verbose cache add spec flightplan.js
19 silly cache add parsed spec Result {
19 silly cache add   raw: 'flightplan.js',
19 silly cache add   scope: null,
19 silly cache add   name: null,
19 silly cache add   rawSpec: 'flightplan.js',
19 silly cache add   spec: '/Users/christophekindt/Documents/School/Android/AppDiscussies/flightplan.js',
19 silly cache add   type: 'local' }
20 silly addLocalTarball shasum (computed) 9bf14845b59326f7f5e9f55a4a3d453b2620c8bc
21 verbose addTmpTarball /Users/christophekindt/Documents/School/Android/AppDiscussies/flightplan.js not in flight; adding
22 verbose addTmpTarball validating metadata from /Users/christophekindt/Documents/School/Android/AppDiscussies/flightplan.js
23 verbose tar unpack /Users/christophekindt/Documents/School/Android/AppDiscussies/flightplan.js
24 verbose tar unpacking to /tmp/npm-14385-8bac4078/unpack-60e2adfae5f0
25 silly gentlyRm /tmp/npm-14385-8bac4078/unpack-60e2adfae5f0 is being purged
26 verbose gentlyRm don't care about contents; nuking /tmp/npm-14385-8bac4078/unpack-60e2adfae5f0
27 silly gunzTarPerm modes [ '755', '644' ]
28 error not a package /Users/christophekindt/Documents/School/Android/AppDiscussies/flightplan.js
29 error addLocal Could not install /Users/christophekindt/Documents/School/Android/AppDiscussies/flightplan.js
30 verbose stack Error: ENOENT: no such file or directory, open '/tmp/npm-14385-8bac4078/unpack-60e2adfae5f0/package.json'
30 verbose stack     at Error (native)
31 verbose cwd /Users/christophekindt/Documents/School/Android/AppDiscussies
32 error Darwin 15.4.0
33 error argv "/usr/local/bin/node" "/usr/local/bin/npm" "install" "flightplan.js" "--save-dev"
34 error node v4.1.0
35 error npm  v2.14.3
36 error path /tmp/npm-14385-8bac4078/unpack-60e2adfae5f0/package.json
37 error code ENOENT
38 error errno -2
39 error syscall open
40 error enoent ENOENT: no such file or directory, open '/tmp/npm-14385-8bac4078/unpack-60e2adfae5f0/package.json'
40 error enoent This is most likely not a problem with npm itself
40 error enoent and is related to npm not being able to find a file.
41 verbose exit [ -2, true ]
